Determining if the pthread_create exist failed with the following output:
Change Dir: /home/paul/delivery/tek2/OOP_indie_studio_2018/CMakeFiles/CMakeTmp

Run Build Command:"/usr/bin/make" "cmTC_3f73b/fast"
make[1] : on entre dans le répertoire « /home/paul/delivery/tek2/OOP_indie_studio_2018/CMakeFiles/CMakeTmp »
/usr/bin/make -f CMakeFiles/cmTC_3f73b.dir/build.make CMakeFiles/cmTC_3f73b.dir/build
make[2] : on entre dans le répertoire « /home/paul/delivery/tek2/OOP_indie_studio_2018/CMakeFiles/CMakeTmp »
Building C object CMakeFiles/cmTC_3f73b.dir/CheckSymbolExists.c.o
/usr/bin/cc    -o CMakeFiles/cmTC_3f73b.dir/CheckSymbolExists.c.o   -c /home/paul/delivery/tek2/OOP_indie_studio_2018/CMakeFiles/CMakeTmp/CheckSymbolExists.c
Linking C executable cmTC_3f73b
/usr/bin/cmake -E cmake_link_script CMakeFiles/cmTC_3f73b.dir/link.txt --verbose=1
/usr/bin/cc      -rdynamic CMakeFiles/cmTC_3f73b.dir/CheckSymbolExists.c.o  -o cmTC_3f73b 
CMakeFiles/cmTC_3f73b.dir/CheckSymbolExists.c.o : Dans la fonction « main » :
CheckSymbolExists.c:(.text+0x1b) : référence indéfinie vers « pthread_create »
collect2: error: ld returned 1 exit status
CMakeFiles/cmTC_3f73b.dir/build.make:97: recipe for target 'cmTC_3f73b' failed
make[2]: *** [cmTC_3f73b] Error 1
make[2] : on quitte le répertoire « /home/paul/delivery/tek2/OOP_indie_studio_2018/CMakeFiles/CMakeTmp »
Makefile:126: recipe for target 'cmTC_3f73b/fast' failed
make[1]: *** [cmTC_3f73b/fast] Error 2
make[1] : on quitte le répertoire « /home/paul/delivery/tek2/OOP_indie_studio_2018/CMakeFiles/CMakeTmp »

File /home/paul/delivery/tek2/OOP_indie_studio_2018/CMakeFiles/CMakeTmp/CheckSymbolExists.c:
/* */
#include <pthread.h>

int main(int argc, char** argv)
{
  (void)argv;
#ifndef pthread_create
  return ((int*)(&pthread_create))[argc];
#else
  (void)argc;
  return 0;
#endif
}

Determining if the function pthread_create exists in the pthreads failed with the following output:
Change Dir: /home/paul/delivery/tek2/OOP_indie_studio_2018/CMakeFiles/CMakeTmp

Run Build Command:"/usr/bin/make" "cmTC_ffd81/fast"
make[1] : on entre dans le répertoire « /home/paul/delivery/tek2/OOP_indie_studio_2018/CMakeFiles/CMakeTmp »
/usr/bin/make -f CMakeFiles/cmTC_ffd81.dir/build.make CMakeFiles/cmTC_ffd81.dir/build
make[2] : on entre dans le répertoire « /home/paul/delivery/tek2/OOP_indie_studio_2018/CMakeFiles/CMakeTmp »
Building C object CMakeFiles/cmTC_ffd81.dir/CheckFunctionExists.c.o
/usr/bin/cc   -DCHECK_FUNCTION_EXISTS=pthread_create   -o CMakeFiles/cmTC_ffd81.dir/CheckFunctionExists.c.o   -c /usr/share/cmake-3.10/Modules/CheckFunctionExists.c
Linking C executable cmTC_ffd81
/usr/bin/cmake -E cmake_link_script CMakeFiles/cmTC_ffd81.dir/link.txt --verbose=1
/usr/bin/cc  -DCHECK_FUNCTION_EXISTS=pthread_create    -rdynamic CMakeFiles/cmTC_ffd81.dir/CheckFunctionExists.c.o  -o cmTC_ffd81 -lpthreads 
/usr/bin/ld : ne peut trouver -lpthreads
collect2: error: ld returned 1 exit status
CMakeFiles/cmTC_ffd81.dir/build.make:97: recipe for target 'cmTC_ffd81' failed
make[2]: *** [cmTC_ffd81] Error 1
make[2] : on quitte le répertoire « /home/paul/delivery/tek2/OOP_indie_studio_2018/CMakeFiles/CMakeTmp »
Makefile:126: recipe for target 'cmTC_ffd81/fast' failed
make[1]: *** [cmTC_ffd81/fast] Error 2
make[1] : on quitte le répertoire « /home/paul/delivery/tek2/OOP_indie_studio_2018/CMakeFiles/CMakeTmp »


